2021-04-21 16:38:52,240 Loading vectors from ../my_job/dataset/.vector_cache/glove.840B.300d.txt.pt
2021-04-21 16:39:47,306 ***********Start epoch:0/100***********
2021-04-21 16:39:47,307 lr:0.1
2021-04-21 16:40:17,813 train_loss:0.01432-val_loss:0.01343-train_acc: 0.57113-val_acc: 0.61024
2021-04-21 16:40:18,007 ***********Start epoch:1/100***********
2021-04-21 16:40:18,007 lr:0.099
2021-04-21 16:44:57,322 train_loss:0.01342-val_loss:0.01284-train_acc: 0.61308-val_acc: 0.63564
2021-04-21 16:44:57,690 ***********Start epoch:2/100***********
2021-04-21 16:44:57,690 lr:0.09801
2021-04-21 16:50:59,600 train_loss:0.01317-val_loss:0.01266-train_acc: 0.62337-val_acc: 0.64733
2021-04-21 16:50:59,969 ***********Start epoch:3/100***********
2021-04-21 16:50:59,969 lr:0.0970299
2021-04-21 16:57:01,910 train_loss:0.01305-val_loss:0.01265-train_acc: 0.62877-val_acc: 0.64550
2021-04-21 16:57:01,910 ***********Start epoch:4/100***********
2021-04-21 16:57:01,910 lr:0.0192119202
2021-04-21 17:03:03,651 train_loss:0.01273-val_loss:0.01248-train_acc: 0.64274-val_acc: 0.65535
2021-04-21 17:03:04,017 ***********Start epoch:5/100***********
2021-04-21 17:03:04,017 lr:0.019019800998
2021-04-21 17:09:05,972 train_loss:0.01271-val_loss:0.01244-train_acc: 0.64355-val_acc: 0.65586
2021-04-21 17:09:06,341 ***********Start epoch:6/100***********
2021-04-21 17:09:06,341 lr:0.01882960298802
2021-04-21 17:15:08,128 train_loss:0.01270-val_loss:0.01242-train_acc: 0.64437-val_acc: 0.65525
2021-04-21 17:15:08,128 ***********Start epoch:7/100***********
2021-04-21 17:15:08,128 lr:0.00372826139162796
2021-04-21 17:21:07,742 train_loss:0.01265-val_loss:0.01242-train_acc: 0.64643-val_acc: 0.65718
2021-04-21 17:21:08,110 ***********Start epoch:8/100***********
2021-04-21 17:21:08,110 lr:0.0036909787777116804
2021-04-21 17:27:09,783 train_loss:0.01264-val_loss:0.01241-train_acc: 0.64655-val_acc: 0.65779
2021-04-21 17:27:10,162 ***********Start epoch:9/100***********
2021-04-21 17:27:10,162 lr:0.0036540689899345635
2021-04-21 17:33:11,712 train_loss:0.01264-val_loss:0.01241-train_acc: 0.64681-val_acc: 0.65739
2021-04-21 17:33:11,713 ***********Start epoch:10/100***********
2021-04-21 17:33:11,713 lr:0.0007235056600070435
2021-04-21 17:39:13,411 train_loss:0.01263-val_loss:0.01241-train_acc: 0.64730-val_acc: 0.65779
2021-04-21 17:39:13,781 ***********Start epoch:11/100***********
2021-04-21 17:39:13,782 lr:0.0007162706034069731
2021-04-21 17:45:15,696 train_loss:0.01263-val_loss:0.01240-train_acc: 0.64723-val_acc: 0.65718
2021-04-21 17:45:15,696 ***********Start epoch:12/100***********
2021-04-21 17:45:15,696 lr:0.00014182157947458066
2021-04-21 17:51:17,112 train_loss:0.01263-val_loss:0.01241-train_acc: 0.64734-val_acc: 0.65749
2021-04-21 17:51:17,113 ***********Start epoch:13/100***********
2021-04-21 17:51:17,113 lr:2.8080672735966972e-05
2021-04-21 17:57:12,808 train_loss:0.01263-val_loss:0.01241-train_acc: 0.64731-val_acc: 0.65739
2021-04-21 17:57:12,808 ***********Start epoch:14/100***********
2021-04-21 17:57:12,809 lr:5.559973201721461e-06
2021-04-21 18:03:14,207 train_loss:0.01263-val_loss:0.01241-train_acc: 0.64733-val_acc: 0.65729
2021-04-21 18:03:14,208 ********************train completed***********************
